<?xml version="1.0" encoding="UTF-8"?>
<!-- Generated by org.testng.reporters.JUnitXMLReporter -->
<testsuite ignored="7" hostname="DESKTOP-501F2HP" failures="0" tests="9" name="Functional Testing" time="4.161" errors="0" timestamp="2023-02-08T11:13:23 BDT">
  <testcase classname="testng.LoginTest" name="aTest1" time="0.001"/>
  <testcase classname="testng.LoginTest" name="aTest2" time="0.0"/>
  <testcase classname="testng.VerifyCorrectPage" name="titleTest" time="4.138"/>
  <testcase classname="testng.GroupingTests" name="aTest1" time="0.001"/>
  <testcase classname="testng.GroupingTests" name="aTest2" time="0.0"/>
  <testcase classname="testng.GroupingTests" name="aTest3" time="0.0"/>
  <testcase classname="testng.GroupingTests" name="aTest4" time="0.001"/>
  <testcase classname="testng.SkippingTests" name="skipTest2" time="0.001">
    <skipped/>
  </testcase> <!-- skipTest2 -->
  <testcase classname="testng.SkippingTests" name="skipTest3" time="0.0"/>
  <testcase classname="testng.SkippingTests" name="skipTest1" time="0.0">
    <ignored/>
  </testcase> <!-- skipTest1 -->
  <testcase classname="common.CommonDataSetup" name="@AfterSuite dataTearDown" time="0.0">
    <ignored/>
  </testcase> <!-- @AfterSuite dataTearDown -->
  <testcase classname="common.CommonDataSetup" name="@AfterSuite dataTearDown" time="0.0">
    <ignored/>
  </testcase> <!-- @AfterSuite dataTearDown -->
  <testcase classname="common.CommonDataSetup" name="@AfterSuite dataTearDown" time="0.0">
    <ignored/>
  </testcase> <!-- @AfterSuite dataTearDown -->
  <testcase classname="common.CommonDataSetup" name="@BeforeSuite dataSetup" time="0.0">
    <ignored/>
  </testcase> <!-- @BeforeSuite dataSetup -->
  <testcase classname="common.CommonDataSetup" name="@BeforeSuite dataSetup" time="0.0">
    <ignored/>
  </testcase> <!-- @BeforeSuite dataSetup -->
  <testcase classname="common.CommonDataSetup" name="@BeforeSuite dataSetup" time="0.0">
    <ignored/>
  </testcase> <!-- @BeforeSuite dataSetup -->
</testsuite> <!-- Functional Testing -->
