<?xml version="1.0" encoding="UTF-8"?>
<!-- Generated by org.testng.reporters.JUnitXMLReporter -->
<testsuite ignored="0" hostname="DESKTOP-501F2HP" failures="0" tests="5" name="Regression Tests" time="3.785" errors="0" timestamp="2023-02-08T10:31:55 BDT">
  <testcase classname="testng.VerifyCorrectPage" name="titleTest" time="3.743"/>
  <testcase classname="testng.GroupingTests" name="aTest1" time="0.002"/>
  <testcase classname="testng.GroupingTests" name="aTest2" time="0.001"/>
  <testcase classname="testng.GroupingTests" name="aTest3" time="0.001"/>
  <testcase classname="testng.GroupingTests" name="aTest4" time="0.001"/>
</testsuite> <!-- Regression Tests -->
