<?xml version="1.0" encoding="UTF-8"?>
<testng-results ignored="2" total="3" passed="1" failed="0" skipped="0">
  <reporter-output>
  </reporter-output>
  <suite started-at="2023-02-09T17:05:09 BDT" name="Suite" finished-at="2023-02-09T17:05:38 BDT" duration-ms="28714">
    <groups>
    </groups>
    <test started-at="2023-02-09T17:05:09 BDT" name="Test" finished-at="2023-02-09T17:05:38 BDT" duration-ms="28714">
      <class name="testcases.SecondTest">
        <test-method signature="loginTest()[pri:0, instance:testcases.SecondTest@313ac989]" started-at="2023-02-09T17:05:17 BDT" name="loginTest" finished-at="2023-02-09T17:05:38 BDT" duration-ms="20592" status="PASS">
          <reporter-output>
          </reporter-output>
        </test-method> <!-- loginTest -->
      </class> <!-- testcases.SecondTest -->
      <class name="testcases.FirstTest_WithoutFrameworkApproach">
        <test-method is-config="true" signature="setUp()[pri:0, instance:testcases.FirstTest_WithoutFrameworkApproach@5b8dfcc1]" started-at="2023-02-09T17:05:09 BDT" name="setUp" finished-at="2023-02-09T17:05:17 BDT" duration-ms="7959" status="PASS">
          <reporter-output>
          </reporter-output>
        </test-method> <!-- setUp -->
        <test-method is-config="true" signature="tearDown()[pri:0, instance:testcases.FirstTest_WithoutFrameworkApproach@5b8dfcc1]" started-at="2023-02-09T17:05:38 BDT" name="tearDown" finished-at="2023-02-09T17:05:38 BDT" duration-ms="125" status="PASS">
          <reporter-output>
          </reporter-output>
        </test-method> <!-- tearDown -->
      </class> <!-- testcases.FirstTest_WithoutFrameworkApproach -->
    </test> <!-- Test -->
  </suite> <!-- Suite -->
</testng-results>
