<?xml version="1.0" encoding="UTF-8"?>
<!-- Generated by org.testng.reporters.JUnitXMLReporter -->
<testsuite ignored="0" hostname="DESKTOP-501F2HP" failures="0" tests="7" name="Functional Testing" time="4.521" errors="0" timestamp="2023-02-08T10:26:03 BDT">
  <testcase classname="testng.LoginTest" name="aTest1" time="0.006"/>
  <testcase classname="testng.LoginTest" name="aTest2" time="0.001"/>
  <testcase classname="testng.VerifyCorrectPage" name="titleTest" time="4.463"/>
  <testcase classname="testng.GroupingTests" name="aTest1" time="0.001"/>
  <testcase classname="testng.GroupingTests" name="aTest2" time="0.002"/>
  <testcase classname="testng.GroupingTests" name="aTest3" time="0.002"/>
  <testcase classname="testng.GroupingTests" name="aTest4" time="0.001"/>
</testsuite> <!-- Functional Testing -->
