<?xml version="1.0" encoding="UTF-8"?>
<!-- Generated by org.testng.reporters.JUnitXMLReporter -->
<testsuite ignored="0" hostname="DESKTOP-501F2HP" failures="0" tests="4" name="GRP-Regression,Adhoc,Smoke" time="0.04" errors="0" timestamp="2023-02-08T10:20:29 BDT">
  <testcase classname="testng.GroupingTests" name="aTest1" time="0.007"/>
  <testcase classname="testng.GroupingTests" name="aTest2" time="0.001"/>
  <testcase classname="testng.GroupingTests" name="aTest3" time="0.0"/>
  <testcase classname="testng.GroupingTests" name="aTest4" time="0.001"/>
</testsuite> <!-- GRP-Regression,Adhoc,Smoke -->
