<?xml version="1.0" encoding="UTF-8"?>
<!-- Generated by org.testng.reporters.JUnitXMLReporter -->
<testsuite ignored="0" hostname="DESKTOP-501F2HP" failures="1" tests="1" name="Listener test" time="2.181" errors="0" timestamp="2023-02-09T09:44:40 BDT">
  <testcase classname="testng.ListenerTest" name="launchApp" time="2.151">
    <failure type="java.lang.AssertionError" message="expected [true] but found [false]">
      <![CDATA[java.lang.AssertionError: expected [true] but found [false]
at testng.ListenerTest.launchApp(ListenerTest.java:13)
at java.base/java.util.ArrayList.forEach(ArrayList.java:1511)
... Removed 31 stack frames]]>
    </failure>
  </testcase> <!-- launchApp -->
</testsuite> <!-- Listener test -->
