<?xml version="1.0" encoding="UTF-8"?>
<!-- Generated by org.testng.reporters.JUnitXMLReporter -->
<testsuite ignored="0" hostname="DESKTOP-501F2HP" failures="0" tests="4" name="Reports Testing" time="0.037" errors="0" timestamp="2023-02-09T09:53:17 BDT">
  <testcase classname="testng.Reporters" name="reporterTest1" time="0.006"/>
  <testcase classname="testng.Reporters" name="reporterTest2" time="0.002"/>
  <testcase classname="testng.Reporters" name="reporterTest3" time="0.0"/>
  <testcase classname="testng.Reporters" name="reporterTest4" time="0.001"/>
</testsuite> <!-- Reports Testing -->
